2025-09-27 12:15:57 - INFO - DataProcessing Intialized
2025-09-27 12:15:57 - INFO - Data loaded sucesfully for Data Processing
2025-09-27 12:15:57 - INFO - Filtered users sucesfully...
2025-09-27 12:15:57 - INFO - Scalind done for Processing 
2025-09-27 12:15:57 - INFO - Encoding done for Users and Anime
2025-09-27 12:15:57 - INFO - Data splitted sucesfullyy
2025-09-27 12:15:57 - INFO - user2user_encoded saved sucesfully in processed directory
2025-09-27 12:15:57 - INFO - user2user_decoded saved sucesfully in processed directory
2025-09-27 12:15:57 - INFO - anim2anime_encoded saved sucesfully in processed directory
2025-09-27 12:15:57 - INFO - anim2anime_decoded saved sucesfully in processed directory
2025-09-27 12:15:58 - INFO - ALl the training testing data as well as rating_df is saved now..
2025-09-27 12:16:00 - INFO - DF AND SYNOPSIS_Df saved sucesfullyy...
2025-09-27 12:16:00 - INFO - Data Processing Pipeline Run sucesfully .... Congrats
2025-09-27 12:40:29 - INFO - Model Training
2025-09-27 12:40:29 - INFO - Data loaded sucesfully for Model Trainig
2025-09-27 12:40:29 - INFO - Succesfully read the YAML file
2025-09-27 12:40:29 - INFO - Loaded configuration from config.yaml
2025-09-27 12:40:29 - INFO - Model created sucesfully....
2025-09-27 12:40:33 - INFO - Model training Completedd.....
2025-09-27 12:40:33 - WARNING - You are saving your model as an HDF5 file via `model.save()` or `keras.saving.save_model(model)`. This file format is considered legacy. We recommend using instead the native Keras format, e.g. `model.save('my_model.keras')` or `keras.saving.save_model(model, 'my_model.keras')`. 
2025-09-27 12:40:33 - INFO - Model saved to artifacts/model/model.h5
2025-09-27 12:40:33 - INFO - Extracting weights for user_embedding
2025-09-27 12:40:33 - INFO - Extracting weights for anime_embedding
2025-09-27 12:40:33 - INFO - User and Anime weights saved sucesfully....
2025-09-27 13:02:19 - INFO - Model Training
2025-09-27 13:02:20 - INFO - Data loaded sucesfully for Model Trainig
2025-09-27 13:02:21 - INFO - Succesfully read the YAML file
2025-09-27 13:02:21 - INFO - Loaded configuration from config.yaml
2025-09-27 13:02:21 - INFO - Model created sucesfully....
2025-09-27 13:02:25 - INFO - Model training Completedd.....
2025-09-27 13:02:25 - WARNING - You are saving your model as an HDF5 file via `model.save()` or `keras.saving.save_model(model)`. This file format is considered legacy. We recommend using instead the native Keras format, e.g. `model.save('my_model.keras')` or `keras.saving.save_model(model, 'my_model.keras')`. 
2025-09-27 13:02:25 - INFO - Model saved to artifacts/model/model.h5
2025-09-27 13:02:25 - INFO - Extracting weights for user_embedding
2025-09-27 13:02:25 - INFO - Extracting weights for anime_embedding
2025-09-27 13:02:25 - INFO - User and Anime weights saved sucesfully....
2025-09-27 13:05:38 - INFO - Model Training
2025-09-27 13:05:38 - INFO - Data loaded sucesfully for Model Trainig
2025-09-27 13:05:38 - INFO - Succesfully read the YAML file
2025-09-27 13:05:38 - INFO - Loaded configuration from config.yaml
2025-09-27 13:05:38 - INFO - Model created sucesfully....
2025-09-27 13:05:42 - INFO - Model training Completedd.....
2025-09-27 13:05:42 - WARNING - You are saving your model as an HDF5 file via `model.save()` or `keras.saving.save_model(model)`. This file format is considered legacy. We recommend using instead the native Keras format, e.g. `model.save('my_model.keras')` or `keras.saving.save_model(model, 'my_model.keras')`. 
2025-09-27 13:05:42 - INFO - Model saved to artifacts/model/model.h5
2025-09-27 13:05:42 - INFO - Extracting weights for user_embedding
2025-09-27 13:05:42 - INFO - Extracting weights for anime_embedding
2025-09-27 13:05:42 - INFO - User and Anime weights saved sucesfully....
